Determining if the Q_WS_WIN exist failed with the following output:
Change Dir: /home/jordi/TradingLab/widgets/lineedits/build/CMakeFiles/CMakeTmp

Run Build Command:/usr/bin/gmake "cmTryCompileExec1658626110/fast"
/usr/bin/gmake -f CMakeFiles/cmTryCompileExec1658626110.dir/build.make CMakeFiles/cmTryCompileExec1658626110.dir/build
gmake[1]: Entering directory `/home/jordi/TradingLab/widgets/lineedits/build/CMakeFiles/CMakeTmp'
/usr/bin/cmake -E cmake_progress_report /home/jordi/TradingLab/widgets/lineedits/build/CMakeFiles/CMakeTmp/CMakeFiles 1
Building CXX object CMakeFiles/cmTryCompileExec1658626110.dir/CheckSymbolExists.cxx.o
/usr/bin/c++     -o CMakeFiles/cmTryCompileExec1658626110.dir/CheckSymbolExists.cxx.o -c /home/jordi/TradingLab/widgets/lineedits/build/CMakeFiles/CMakeTmp/CheckSymbolExists.cxx
/home/jordi/TradingLab/widgets/lineedits/build/CMakeFiles/CMakeTmp/CheckSymbolExists.cxx: In function ‘int main(int, char**)’:
/home/jordi/TradingLab/widgets/lineedits/build/CMakeFiles/CMakeTmp/CheckSymbolExists.cxx:8:19: error: ‘Q_WS_WIN’ was not declared in this scope
   return ((int*)(&Q_WS_WIN))[argc];
                   ^
gmake[1]: *** [CMakeFiles/cmTryCompileExec1658626110.dir/CheckSymbolExists.cxx.o] Error 1
gmake[1]: Leaving directory `/home/jordi/TradingLab/widgets/lineedits/build/CMakeFiles/CMakeTmp'
gmake: *** [cmTryCompileExec1658626110/fast] Error 2

File /home/jordi/TradingLab/widgets/lineedits/build/CMakeFiles/CMakeTmp/CheckSymbolExists.cxx:
/* */
#include <QtCore/qglobal.h>

int main(int argc, char** argv)
{
  (void)argv;
#ifndef Q_WS_WIN
  return ((int*)(&Q_WS_WIN))[argc];
#else
  (void)argc;
  return 0;
#endif
}

Determining if the Q_WS_QWS exist failed with the following output:
Change Dir: /home/jordi/TradingLab/widgets/lineedits/build/CMakeFiles/CMakeTmp

Run Build Command:/usr/bin/gmake "cmTryCompileExec3096072165/fast"
/usr/bin/gmake -f CMakeFiles/cmTryCompileExec3096072165.dir/build.make CMakeFiles/cmTryCompileExec3096072165.dir/build
gmake[1]: Entering directory `/home/jordi/TradingLab/widgets/lineedits/build/CMakeFiles/CMakeTmp'
/usr/bin/cmake -E cmake_progress_report /home/jordi/TradingLab/widgets/lineedits/build/CMakeFiles/CMakeTmp/CMakeFiles 1
Building CXX object CMakeFiles/cmTryCompileExec3096072165.dir/CheckSymbolExists.cxx.o
/usr/bin/c++     -o CMakeFiles/cmTryCompileExec3096072165.dir/CheckSymbolExists.cxx.o -c /home/jordi/TradingLab/widgets/lineedits/build/CMakeFiles/CMakeTmp/CheckSymbolExists.cxx
/home/jordi/TradingLab/widgets/lineedits/build/CMakeFiles/CMakeTmp/CheckSymbolExists.cxx: In function ‘int main(int, char**)’:
/home/jordi/TradingLab/widgets/lineedits/build/CMakeFiles/CMakeTmp/CheckSymbolExists.cxx:8:19: error: ‘Q_WS_QWS’ was not declared in this scope
   return ((int*)(&Q_WS_QWS))[argc];
                   ^
gmake[1]: *** [CMakeFiles/cmTryCompileExec3096072165.dir/CheckSymbolExists.cxx.o] Error 1
gmake[1]: Leaving directory `/home/jordi/TradingLab/widgets/lineedits/build/CMakeFiles/CMakeTmp'
gmake: *** [cmTryCompileExec3096072165/fast] Error 2

File /home/jordi/TradingLab/widgets/lineedits/build/CMakeFiles/CMakeTmp/CheckSymbolExists.cxx:
/* */
#include <QtCore/qglobal.h>

int main(int argc, char** argv)
{
  (void)argv;
#ifndef Q_WS_QWS
  return ((int*)(&Q_WS_QWS))[argc];
#else
  (void)argc;
  return 0;
#endif
}

Determining if the Q_WS_MAC exist failed with the following output:
Change Dir: /home/jordi/TradingLab/widgets/lineedits/build/CMakeFiles/CMakeTmp

Run Build Command:/usr/bin/gmake "cmTryCompileExec1023020766/fast"
/usr/bin/gmake -f CMakeFiles/cmTryCompileExec1023020766.dir/build.make CMakeFiles/cmTryCompileExec1023020766.dir/build
gmake[1]: Entering directory `/home/jordi/TradingLab/widgets/lineedits/build/CMakeFiles/CMakeTmp'
/usr/bin/cmake -E cmake_progress_report /home/jordi/TradingLab/widgets/lineedits/build/CMakeFiles/CMakeTmp/CMakeFiles 1
Building CXX object CMakeFiles/cmTryCompileExec1023020766.dir/CheckSymbolExists.cxx.o
/usr/bin/c++     -o CMakeFiles/cmTryCompileExec1023020766.dir/CheckSymbolExists.cxx.o -c /home/jordi/TradingLab/widgets/lineedits/build/CMakeFiles/CMakeTmp/CheckSymbolExists.cxx
/home/jordi/TradingLab/widgets/lineedits/build/CMakeFiles/CMakeTmp/CheckSymbolExists.cxx: In function ‘int main(int, char**)’:
/home/jordi/TradingLab/widgets/lineedits/build/CMakeFiles/CMakeTmp/CheckSymbolExists.cxx:8:19: error: ‘Q_WS_MAC’ was not declared in this scope
   return ((int*)(&Q_WS_MAC))[argc];
                   ^
gmake[1]: Leaving directory `/home/jordi/TradingLab/widgets/lineedits/build/CMakeFiles/CMakeTmp'
gmake[1]: *** [CMakeFiles/cmTryCompileExec1023020766.dir/CheckSymbolExists.cxx.o] Error 1
gmake: *** [cmTryCompileExec1023020766/fast] Error 2

File /home/jordi/TradingLab/widgets/lineedits/build/CMakeFiles/CMakeTmp/CheckSymbolExists.cxx:
/* */
#include <QtCore/qglobal.h>

int main(int argc, char** argv)
{
  (void)argv;
#ifndef Q_WS_MAC
  return ((int*)(&Q_WS_MAC))[argc];
#else
  (void)argc;
  return 0;
#endif
}

